TpTrace Verbose: 0 : 20664, 1, 2024/01/15, 20:26:21.786, 4306717606621, datacollector.dll, Version: 17.7.1-release-23418-01
TpTrace Information: 0 : 20664, 1, 2024/01/15, 20:26:21.791, 4306717657273, datacollector.dll, DataCollectorMain.Run: Starting data collector run with args: --port,64344,--parentprocessid,21068,--diag,C:\Users\Edna Basic\source\repos\VVS\VVS\bin\Debug\net7.0\fine-code-coverage\coverage-tool-output\diagnostics.datacollector.24-01-15_20-26-21_64957_5.log,--tracelevel,4
TpTrace Information: 0 : 20664, 1, 2024/01/15, 20:26:21.791, 4306717658841, datacollector.dll, DataCollector: Monitoring parent process with id: '21068'
TpTrace Information: 0 : 20664, 1, 2024/01/15, 20:26:21.800, 4306717750202, datacollector.dll, Trying to connect to server on socket : 127.0.0.1:64344 
TpTrace Verbose: 0 : 20664, 1, 2024/01/15, 20:26:21.810, 4306717843006, datacollector.dll, SocketCommunicationManager : SetupClientAsync : Attempting to connect to the server.
TpTrace Information: 0 : 20664, 6, 2024/01/15, 20:26:21.817, 4306717916812, datacollector.dll, Connected to the server successfully 
TpTrace Information: 0 : 20664, 6, 2024/01/15, 20:26:21.817, 4306717918610, datacollector.dll, Using the buffer size of 16384 bytes
TpTrace Information: 0 : 20664, 1, 2024/01/15, 20:26:21.898, 4306718726244, datacollector.dll, DataCollector: Start Request Processing.
TpTrace Verbose: 0 : 20664, 1, 2024/01/15, 20:26:21.898, 4306718729091, datacollector.dll, SocketCommunicationManager.WaitForServerConnection took: 0 ms, with 90000 ms timeout, and finished with True.
TpTrace Information: 0 : 20664, 1, 2024/01/15, 20:26:21.899, 4306718732363, datacollector.dll, DataCollectionRequestHandler.ProcessRequests: Datacollector received message: (DataCollection.BeforeTestRunStart) -> {"MessageType":"DataCollection.BeforeTestRunStart","Payload":{"SettingsXml":"<RunSettings><RunConfiguration><ResultsDirectory>C:\\Users\\Edna Basic\\source\\repos\\VVS\\VVS\\bin\\Debug\\net7.0\\fine-code-coverage\\coverage-tool-output</ResultsDirectory><TargetPlatform>X64</TargetPlatform><TargetFrameworkVersion>.NETCoreApp,Version=v7.0</TargetFrameworkVersion><DesignMode>False</DesignMode><CollectSourceInformation>False</CollectSourceInformation><TestAdaptersPaths>C:\\Program Files\\dotnet\\sdk\\7.0.402\\Extensions</TestAdaptersPaths></RunConfiguration><LoggerRunSettings><Loggers><Logger friendlyName=\"blame\" enabled=\"True\" /><Logger friendlyName=\"Console\" uri=\"logger://microsoft/TestPlatform/ConsoleLogger/v1\" assemblyQualifiedName=\"Microsoft.VisualStudio.TestPlatform.CommandLine.Internal.ConsoleLogger, vstest.console, Version=15.0.0.0, Culture=neutral, PublicKeyToken=b03f5f7f11d50a3a\" codeBase=\"C:\\Program Files\\dotnet\\sdk\\7.0.402\\vstest.console.dll\" enabled=\"True\" /></Loggers></LoggerRunSettings><DataCollectionRunSettings><DataCollectors><DataCollector friendlyName=\"blame\" enabled=\"True\"><Configuration><ResultsDirectory>C:\\Users\\Edna Basic\\source\\repos\\VVS\\VVS\\bin\\Debug\\net7.0\\fine-code-coverage\\coverage-tool-output</ResultsDirectory></Configuration></DataCollector></DataCollectors></DataCollectionRunSettings></RunSettings>","Sources":["C:\\Users\\Edna Basic\\source\\repos\\VVS\\VVS\\bin\\Debug\\net7.0\\fine-code-coverage\\build-output\\VVS.dll"],"IsTelemetryOptedIn":false}}
TpTrace Verbose: 0 : 20664, 1, 2024/01/15, 20:26:21.946, 4306719210052, datacollector.dll, TestPluginCache: Update extensions started. Skip filter = False
TpTrace Verbose: 0 : 20664, 1, 2024/01/15, 20:26:21.947, 4306719219527, datacollector.dll, TestPluginCache: Using directories for assembly resolution 'C:\Program Files\dotnet\sdk\7.0.402\Extensions'.
TpTrace Verbose: 0 : 20664, 1, 2024/01/15, 20:26:21.947, 4306719220778, datacollector.dll, TestPluginCache: Updated the available extensions to 'C:\Program Files\dotnet\sdk\7.0.402\Extensions\Microsoft.TestPlatform.Extensions.BlameDataCollector.dll,C:\Program Files\dotnet\sdk\7.0.402\Extensions\Microsoft.TestPlatform.Extensions.EventLogCollector.dll'.
TpTrace Verbose: 0 : 20664, 1, 2024/01/15, 20:26:21.954, 4306719288602, datacollector.dll, TestPluginCache.DiscoverTestExtensions: finding test extensions in assemblies ends with: Collector.dll TPluginInfo: Microsoft.VisualStudio.TestPlatform.Common.DataCollector.DataCollectorConfig TExtension: Microsoft.VisualStudio.TestPlatform.ObjectModel.DataCollection.DataCollector
TpTrace Verbose: 0 : 20664, 1, 2024/01/15, 20:26:21.956, 4306719301896, datacollector.dll, TestPluginCache.GetExtensionPaths: Filtered extension paths: C:\Program Files\dotnet\sdk\7.0.402\Extensions\Microsoft.TestPlatform.Extensions.BlameDataCollector.dll
C:\Program Files\dotnet\sdk\7.0.402\Extensions\Microsoft.TestPlatform.Extensions.EventLogCollector.dll
TpTrace Verbose: 0 : 20664, 1, 2024/01/15, 20:26:21.956, 4306719302949, datacollector.dll, TestPluginCache.GetExtensionPaths: Added default extension paths: 
TpTrace Verbose: 0 : 20664, 1, 2024/01/15, 20:26:21.956, 4306719303639, datacollector.dll, TestPluginCache.GetExtensionPaths: Added unfilterableExtensionPaths: 
TpTrace Information: 0 : 20664, 1, 2024/01/15, 20:26:21.956, 4306719309856, datacollector.dll, AssemblyResolver.ctor: Creating AssemblyResolver with searchDirectories C:\Program Files\dotnet\sdk\7.0.402\Extensions,C:\Program Files\dotnet\sdk\7.0.402
TpTrace Verbose: 0 : 20664, 1, 2024/01/15, 20:26:21.957, 4306719317466, datacollector.dll, TestPluginCache.DiscoverTestExtensions: Discovering the extensions using extension path.
TpTrace Verbose: 0 : 20664, 1, 2024/01/15, 20:26:21.957, 4306719319298, datacollector.dll, TestPluginCache.GetExtensionPaths: Filtered extension paths: C:\Program Files\dotnet\sdk\7.0.402\Extensions\Microsoft.TestPlatform.Extensions.BlameDataCollector.dll
C:\Program Files\dotnet\sdk\7.0.402\Extensions\Microsoft.TestPlatform.Extensions.EventLogCollector.dll
TpTrace Verbose: 0 : 20664, 1, 2024/01/15, 20:26:21.957, 4306719320189, datacollector.dll, TestPluginCache.GetExtensionPaths: Added default extension paths: 
TpTrace Verbose: 0 : 20664, 1, 2024/01/15, 20:26:21.958, 4306719320852, datacollector.dll, TestPluginCache.GetExtensionPaths: Added unfilterableExtensionPaths: 
TpTrace Verbose: 0 : 20664, 1, 2024/01/15, 20:26:21.958, 4306719321691, datacollector.dll, TestPluginCache.DiscoverTestExtensions: Discovering the extensions using allExtensionPaths: C:\Program Files\dotnet\sdk\7.0.402\Extensions\Microsoft.TestPlatform.Extensions.BlameDataCollector.dll
C:\Program Files\dotnet\sdk\7.0.402\Extensions\Microsoft.TestPlatform.Extensions.EventLogCollector.dll
TpTrace Information: 0 : 20664, 1, 2024/01/15, 20:26:21.958, 4306719323279, datacollector.dll, AssemblyResolver.AddSearchDirectories: Adding more searchDirectories C:\Program Files\dotnet\sdk\7.0.402\Extensions,C:\Program Files\dotnet\sdk\7.0.402
TpTrace Information: 0 : 20664, 1, 2024/01/15, 20:26:21.958, 4306719324509, datacollector.dll, AssemblyResolver.AddSearchDirectories: Adding more searchDirectories C:\Program Files\dotnet\sdk\7.0.402\Extensions,C:\Program Files\dotnet\sdk\7.0.402
TpTrace Information: 0 : 20664, 1, 2024/01/15, 20:26:21.958, 4306719329281, datacollector.dll, AssemblyResolver.OnResolve: Microsoft.TestPlatform.Extensions.BlameDataCollector: Resolving assembly.
TpTrace Information: 0 : 20664, 1, 2024/01/15, 20:26:21.958, 4306719330622, datacollector.dll, AssemblyResolver.OnResolve: Microsoft.TestPlatform.Extensions.BlameDataCollector: Searching in: 'C:\Program Files\dotnet\sdk\7.0.402\Extensions'.
TpTrace Information: 0 : 20664, 1, 2024/01/15, 20:26:21.966, 4306719405493, datacollector.dll, AssemblyResolver.OnResolve: Microsoft.TestPlatform.Extensions.BlameDataCollector: Loading assembly 'C:\Program Files\dotnet\sdk\7.0.402\Extensions\Microsoft.TestPlatform.Extensions.BlameDataCollector.dll'.
TpTrace Information: 0 : 20664, 1, 2024/01/15, 20:26:21.967, 4306719413514, datacollector.dll, AssemblyResolver.OnResolve: Resolved assembly: Microsoft.TestPlatform.Extensions.BlameDataCollector, from path: C:\Program Files\dotnet\sdk\7.0.402\Extensions\Microsoft.TestPlatform.Extensions.BlameDataCollector.dll
TpTrace Verbose: 0 : 20664, 1, 2024/01/15, 20:26:21.968, 4306719423258, datacollector.dll, MetadataReaderExtensionsHelper: Discovering extensions inside assembly 'Microsoft.TestPlatform.Extensions.BlameDataCollector, Version=15.0.0.0, Culture=neutral, PublicKeyToken=b03f5f7f11d50a3a' file path 'C:\Program Files\dotnet\sdk\7.0.402\Extensions\Microsoft.TestPlatform.Extensions.BlameDataCollector.dll'
TpTrace Error: 0 : 20664, 1, 2024/01/15, 20:26:21.971, 4306719451057, datacollector.dll, The type "Microsoft.TestPlatform.Extensions.BlameDataCollector.BlameCollector" defined in "Microsoft.TestPlatform.Extensions.BlameDataCollector.dll" does not have ExtensionUri attribute.
TpTrace Information: 0 : 20664, 1, 2024/01/15, 20:26:21.971, 4306719460376, datacollector.dll, GetTestExtensionFromType: Register extension with identifier data 'datacollector://microsoft/TestPlatform/Extensions/Blame/v1' and type 'Microsoft.TestPlatform.Extensions.BlameDataCollector.BlameCollector, Microsoft.TestPlatform.Extensions.BlameDataCollector, Version=15.0.0.0, Culture=neutral, PublicKeyToken=b03f5f7f11d50a3a' inside file 'C:\Program Files\dotnet\sdk\7.0.402\Extensions\Microsoft.TestPlatform.Extensions.BlameDataCollector.dll'
TpTrace Information: 0 : 20664, 1, 2024/01/15, 20:26:21.972, 4306719461812, datacollector.dll, AssemblyResolver.OnResolve: Microsoft.TestPlatform.Extensions.EventLogCollector: Resolving assembly.
TpTrace Information: 0 : 20664, 1, 2024/01/15, 20:26:21.972, 4306719462627, datacollector.dll, AssemblyResolver.OnResolve: Microsoft.TestPlatform.Extensions.EventLogCollector: Searching in: 'C:\Program Files\dotnet\sdk\7.0.402\Extensions'.
TpTrace Information: 0 : 20664, 1, 2024/01/15, 20:26:21.972, 4306719468545, datacollector.dll, AssemblyResolver.OnResolve: Microsoft.TestPlatform.Extensions.EventLogCollector: Loading assembly 'C:\Program Files\dotnet\sdk\7.0.402\Extensions\Microsoft.TestPlatform.Extensions.EventLogCollector.dll'.
TpTrace Information: 0 : 20664, 1, 2024/01/15, 20:26:21.973, 4306719475029, datacollector.dll, AssemblyResolver.OnResolve: Resolved assembly: Microsoft.TestPlatform.Extensions.EventLogCollector, from path: C:\Program Files\dotnet\sdk\7.0.402\Extensions\Microsoft.TestPlatform.Extensions.EventLogCollector.dll
TpTrace Verbose: 0 : 20664, 1, 2024/01/15, 20:26:21.973, 4306719476376, datacollector.dll, MetadataReaderExtensionsHelper: Discovering extensions inside assembly 'Microsoft.TestPlatform.Extensions.EventLogCollector, Version=15.0.0.0, Culture=neutral, PublicKeyToken=b03f5f7f11d50a3a' file path 'C:\Program Files\dotnet\sdk\7.0.402\Extensions\Microsoft.TestPlatform.Extensions.EventLogCollector.dll'
TpTrace Error: 0 : 20664, 1, 2024/01/15, 20:26:21.976, 4306719507450, datacollector.dll, The type "Microsoft.TestPlatform.Extensions.EventLogCollector.EventLogDataCollector" defined in "Microsoft.TestPlatform.Extensions.EventLogCollector.dll" does not have ExtensionUri attribute.
TpTrace Information: 0 : 20664, 1, 2024/01/15, 20:26:21.976, 4306719509296, datacollector.dll, GetTestExtensionFromType: Register extension with identifier data 'datacollector://microsoft/EventLog/2.0' and type 'Microsoft.TestPlatform.Extensions.EventLogCollector.EventLogDataCollector, Microsoft.TestPlatform.Extensions.EventLogCollector, Version=15.0.0.0, Culture=neutral, PublicKeyToken=b03f5f7f11d50a3a' inside file 'C:\Program Files\dotnet\sdk\7.0.402\Extensions\Microsoft.TestPlatform.Extensions.EventLogCollector.dll'
TpTrace Verbose: 0 : 20664, 1, 2024/01/15, 20:26:21.977, 4306719512232, datacollector.dll, TestPluginCache: Discovered the extensions using extension path 'C:\Program Files\dotnet\sdk\7.0.402\Extensions\Microsoft.TestPlatform.Extensions.BlameDataCollector.dll,C:\Program Files\dotnet\sdk\7.0.402\Extensions\Microsoft.TestPlatform.Extensions.EventLogCollector.dll'.
TpTrace Verbose: 0 : 20664, 1, 2024/01/15, 20:26:21.977, 4306719513235, datacollector.dll, TestPluginCache: Discoverers are ''.
TpTrace Verbose: 0 : 20664, 1, 2024/01/15, 20:26:21.977, 4306719513904, datacollector.dll, TestPluginCache: Executors are ''.
TpTrace Verbose: 0 : 20664, 1, 2024/01/15, 20:26:21.977, 4306719514580, datacollector.dll, TestPluginCache: Executors2 are ''.
TpTrace Verbose: 0 : 20664, 1, 2024/01/15, 20:26:21.977, 4306719515223, datacollector.dll, TestPluginCache: Setting providers are ''.
TpTrace Verbose: 0 : 20664, 1, 2024/01/15, 20:26:21.977, 4306719515861, datacollector.dll, TestPluginCache: Loggers are ''.
TpTrace Verbose: 0 : 20664, 1, 2024/01/15, 20:26:21.977, 4306719516483, datacollector.dll, TestPluginCache: TestHosts are ''.
TpTrace Verbose: 0 : 20664, 1, 2024/01/15, 20:26:21.977, 4306719518596, datacollector.dll, TestPluginCache: DataCollectors are 'datacollector://microsoft/TestPlatform/Extensions/Blame/v1,datacollector://microsoft/EventLog/2.0'.
TpTrace Information: 0 : 20664, 1, 2024/01/15, 20:26:21.979, 4306719533411, datacollector.dll, TestPluginManager.CreateTestExtension: Attempting to load test extension: Microsoft.TestPlatform.Extensions.BlameDataCollector.BlameCollector
TpTrace Information: 0 : 20664, 1, 2024/01/15, 20:26:21.983, 4306719580710, datacollector.dll, [MonitorPostmortemDump]Monitor enabled: 'False'
TpTrace Verbose: 0 : 20664, 1, 2024/01/15, 20:26:21.984, 4306719589564, datacollector.dll, MulticastDelegateUtilities.SafeInvoke: DataCollectionEvents.SessionStart: Invoking callbacks was skipped because there are no subscribers.
TpTrace Information: 0 : 20664, 1, 2024/01/15, 20:26:21.985, 4306719594875, datacollector.dll, Listening on Endpoint : 127.0.0.1:64346
TpTrace Information: 0 : 20664, 1, 2024/01/15, 20:26:21.994, 4306719682994, datacollector.dll, DataCollectionRequestHandler.ProcessRequests : DataCollection started.
TpTrace Information: 0 : 20664, 1, 2024/01/15, 20:26:22.010, 4306719845651, datacollector.dll, DataCollectionRequestHandler.ProcessRequests: Datacollector received message: (DataCollection.TestHostLaunched) -> {"MessageType":"DataCollection.TestHostLaunched","Payload":{"ProcessId":13296}}
TpTrace Verbose: 0 : 20664, 1, 2024/01/15, 20:26:22.012, 4306719867855, datacollector.dll, MulticastDelegateUtilities.SafeInvoke: DataCollectionEvents.TestHostLaunched: Invoking callback 1/1 for Microsoft.TestPlatform.Extensions.BlameDataCollector.BlameCollector., took 0 ms.
TpTrace Verbose: 0 : 20664, 6, 2024/01/15, 20:26:22.201, 4306721757527, datacollector.dll, SocketCommunicationManager.WaitForClientConnection took: 211 ms, with 90000 ms timeout, and finished with True.
TpTrace Information: 0 : 20664, 8, 2024/01/15, 20:26:22.201, 4306721757488, datacollector.dll, Using the buffer size of 16384 bytes
TpTrace Information: 0 : 20664, 8, 2024/01/15, 20:26:22.202, 4306721762212, datacollector.dll, Accepted Client request and set the flag
TpTrace Information: 0 : 20664, 6, 2024/01/15, 20:26:22.808, 4306727826186, datacollector.dll, DataCollectionTestCaseEventHandler: Test case starting.
TpTrace Information: 0 : 20664, 6, 2024/01/15, 20:26:22.822, 4306727961294, datacollector.dll, BlameCollector.EventsTestCaseStart: Test Case Start
TpTrace Verbose: 0 : 20664, 6, 2024/01/15, 20:26:22.822, 4306727964912, datacollector.dll, MulticastDelegateUtilities.SafeInvoke: DataCollectionEvents.TestCaseStart: Invoking callback 1/1 for Microsoft.TestPlatform.Extensions.BlameDataCollector.BlameCollector., took 0 ms.
TpTrace Information: 0 : 20664, 6, 2024/01/15, 20:26:22.822, 4306727968220, datacollector.dll, DataCollectionTestCaseEventHandler: Test case 'poklonbonovi - dea43480-c29b-0e58-6df7-077b2c38e78e' started.
TpTrace Information: 0 : 20664, 6, 2024/01/15, 20:27:15.966, 4307259404063, datacollector.dll, DataCollectionTestCaseEventHandler: Test case completing.
TpTrace Information: 0 : 20664, 6, 2024/01/15, 20:27:15.972, 4307259462547, datacollector.dll, BlameCollector.EventsTestCaseEnd: Test Case End
TpTrace Verbose: 0 : 20664, 6, 2024/01/15, 20:27:15.972, 4307259466930, datacollector.dll, MulticastDelegateUtilities.SafeInvoke: DataCollectionEvents.TestCaseEnd: Invoking callback 1/1 for Microsoft.TestPlatform.Extensions.BlameDataCollector.BlameCollector., took 0 ms.
TpTrace Information: 0 : 20664, 6, 2024/01/15, 20:27:15.975, 4307259497815, datacollector.dll, DataCollectionTestCaseEventHandler: Test case 'poklonbonovi - dea43480-c29b-0e58-6df7-077b2c38e78e' completed
TpTrace Information: 0 : 20664, 6, 2024/01/15, 20:27:15.997, 4307259714966, datacollector.dll, DataCollectionTestCaseEventHandler: Test case starting.
TpTrace Information: 0 : 20664, 6, 2024/01/15, 20:27:15.998, 4307259727226, datacollector.dll, BlameCollector.EventsTestCaseStart: Test Case Start
TpTrace Verbose: 0 : 20664, 6, 2024/01/15, 20:27:15.998, 4307259728867, datacollector.dll, MulticastDelegateUtilities.SafeInvoke: DataCollectionEvents.TestCaseStart: Invoking callback 1/1 for Microsoft.TestPlatform.Extensions.BlameDataCollector.BlameCollector., took 0 ms.
TpTrace Information: 0 : 20664, 6, 2024/01/15, 20:27:15.999, 4307259731426, datacollector.dll, DataCollectionTestCaseEventHandler: Test case 'sigurnostplacanja - e0a8dcfc-cf0b-d2e0-5ca9-5310bb48c216' started.
TpTrace Information: 0 : 20664, 6, 2024/01/15, 20:27:48.941, 4307589157249, datacollector.dll, DataCollectionTestCaseEventHandler: Test case completing.
TpTrace Information: 0 : 20664, 6, 2024/01/15, 20:27:48.943, 4307589171729, datacollector.dll, BlameCollector.EventsTestCaseEnd: Test Case End
TpTrace Verbose: 0 : 20664, 6, 2024/01/15, 20:27:48.943, 4307589173518, datacollector.dll, MulticastDelegateUtilities.SafeInvoke: DataCollectionEvents.TestCaseEnd: Invoking callback 1/1 for Microsoft.TestPlatform.Extensions.BlameDataCollector.BlameCollector., took 0 ms.
TpTrace Information: 0 : 20664, 6, 2024/01/15, 20:27:48.943, 4307589176884, datacollector.dll, DataCollectionTestCaseEventHandler: Test case 'sigurnostplacanja - e0a8dcfc-cf0b-d2e0-5ca9-5310bb48c216' completed
TpTrace Information: 0 : 20664, 6, 2024/01/15, 20:27:48.954, 4307589286733, datacollector.dll, DataCollectionTestCaseEventHandler: Test session ended
TpTrace Information: 0 : 20664, 1, 2024/01/15, 20:27:49.007, 4307589819594, datacollector.dll, DataCollectionRequestHandler.ProcessRequests: Datacollector received message: (DataCollection.AfterTestRunEnd) -> {"MessageType":"DataCollection.AfterTestRunEnd","Payload":false}
TpTrace Information: 0 : 20664, 1, 2024/01/15, 20:27:49.009, 4307589833215, datacollector.dll, Blame Collector: Session End
TpTrace Information: 0 : 20664, 1, 2024/01/15, 20:27:49.009, 4307589834408, datacollector.dll, BlameCollector.CollectDumpAndAbortTesthost: Custom path to dump directory was provided via VSTEST_DUMP_PATH. Skipping attachment upload, the caller is responsible for collecting and uploading the dumps themselves.
TpTrace Verbose: 0 : 20664, 1, 2024/01/15, 20:27:49.009, 4307589835563, datacollector.dll, MulticastDelegateUtilities.SafeInvoke: DataCollectionEvents.SessionEnd: Invoking callback 1/1 for Microsoft.TestPlatform.Extensions.BlameDataCollector.BlameCollector., took 0 ms.
TpTrace Information: 0 : 20664, 1, 2024/01/15, 20:27:49.010, 4307589842589, datacollector.dll, DataCollectionManager.CleanupPlugins: CleanupPlugins called
TpTrace Verbose: 0 : 20664, 1, 2024/01/15, 20:27:49.010, 4307589843703, datacollector.dll, DataCollectionManager.CleanupPlugins: Cleaning up 1 plugins
TpTrace Verbose: 0 : 20664, 1, 2024/01/15, 20:27:49.010, 4307589845820, datacollector.dll, dataCollectorInfo.DisposeDataCollector: calling Dispose() on Microsoft.TestPlatform.Extensions.BlameDataCollector.BlameCollector
TpTrace Information: 0 : 20664, 1, 2024/01/15, 20:27:49.010, 4307589847036, datacollector.dll, DataCollectionManager.CleanupPlugins: CleanupPlugins finished
TpTrace Information: 0 : 20664, 1, 2024/01/15, 20:27:49.016, 4307589901056, datacollector.dll, DataCollectionRequestHandler.ProcessRequests : Session End message received from server. Closing the connection.
TpTrace Information: 0 : 20664, 1, 2024/01/15, 20:27:49.016, 4307589903633, datacollector.dll, Closing the connection !
TpTrace Information: 0 : 20664, 1, 2024/01/15, 20:27:49.016, 4307589904530, datacollector.dll, DataCollectionRequestHandler.ProcessRequests : DataCollection completed
TpTrace Information: 0 : 20664, 1, 2024/01/15, 20:27:49.016, 4307589905202, datacollector.dll, Program.Main: exiting datacollector process.
